<?xml version="1.0" encoding="UTF-8"?>
<!-- Generated by org.testng.reporters.JUnitXMLReporter -->
<testsuite ignored="0" hostname="PF506KMY" failures="0" tests="2" name="Default test" time="1.591" errors="0" timestamp="2026-03-22T22:55:52 IST">
  <testcase classname="Selenium_Kaustubh.ReadDataFrom_Excel" name="readDataFromExcelMultipleSheets" time="1.446"/>
  <testcase classname="Selenium_Kaustubh.ReadDataFrom_Excel" name="readDataFromExcelOnly1Sheet" time="0.053"/>
</testsuite> <!-- Default test -->
