<?xml version="1.0" encoding="UTF-8"?>
<testng-results ignored="0" total="1" passed="1" failed="0" skipped="0">
  <reporter-output>
  </reporter-output>
  <suite started-at="2026-03-16T13:39:36 IST" name="Default suite" finished-at="2026-03-16T13:39:36 IST" duration-ms="504">
    <groups>
    </groups>
    <test started-at="2026-03-16T13:39:36 IST" name="Default test" finished-at="2026-03-16T13:39:36 IST" duration-ms="504">
      <class name="Selenium_Kaustubh.ReadDataFrom_Excel">
        <test-method signature="readDataFromExcel()[pri:0, instance:Selenium_Kaustubh.ReadDataFrom_Excel@3c46e67a]" started-at="2026-03-16T13:39:36 IST" name="readDataFromExcel" finished-at="2026-03-16T13:39:36 IST" duration-ms="470" status="PASS">
          <reporter-output>
          </reporter-output>
        </test-method> <!-- readDataFromExcel -->
      </class> <!-- Selenium_Kaustubh.ReadDataFrom_Excel -->
    </test> <!-- Default test -->
  </suite> <!-- Default suite -->
</testng-results>
