<?xml version="1.0" encoding="UTF-8"?>
<testng-results ignored="0" total="1" passed="1" failed="0" skipped="0">
  <reporter-output>
  </reporter-output>
  <suite started-at="2026-03-31T15:01:48 IST" name="Default suite" finished-at="2026-03-31T15:01:58 IST" duration-ms="10280">
    <groups>
    </groups>
    <test started-at="2026-03-31T15:01:48 IST" name="Default test" finished-at="2026-03-31T15:01:58 IST" duration-ms="10280">
      <class name="Selenium_Kaustubh.WindowHandlePractice">
        <test-method is-config="true" signature="setUp()[pri:0, instance:Selenium_Kaustubh.WindowHandlePractice@2cd76f31]" started-at="2026-03-31T15:01:48 IST" name="setUp" finished-at="2026-03-31T15:01:56 IST" duration-ms="8048" status="PASS">
          <reporter-output>
          </reporter-output>
        </test-method> <!-- setUp -->
        <test-method signature="WindowHandling()[pri:0, instance:Selenium_Kaustubh.WindowHandlePractice@2cd76f31]" started-at="2026-03-31T15:01:56 IST" name="WindowHandling" finished-at="2026-03-31T15:01:57 IST" duration-ms="1452" status="PASS">
          <reporter-output>
          </reporter-output>
        </test-method> <!-- WindowHandling -->
        <test-method is-config="true" signature="tearDown()[pri:0, instance:Selenium_Kaustubh.WindowHandlePractice@2cd76f31]" started-at="2026-03-31T15:01:57 IST" name="tearDown" finished-at="2026-03-31T15:01:58 IST" duration-ms="727" status="PASS">
          <reporter-output>
          </reporter-output>
        </test-method> <!-- tearDown -->
      </class> <!-- Selenium_Kaustubh.WindowHandlePractice -->
    </test> <!-- Default test -->
  </suite> <!-- Default suite -->
</testng-results>
