<?xml version="1.0" encoding="UTF-8"?>
<!-- Generated by org.testng.reporters.JUnitReportReporter -->
<testsuite hostname="PF506KMY" failures="0" tests="2" name="Selenium_Kaustubh.ReadDataFrom_Excel" time="1.499" errors="0" timestamp="2026-03-22T22:55:52 IST" skipped="0">
  <testcase classname="Selenium_Kaustubh.ReadDataFrom_Excel" name="readDataFromExcelOnly1Sheet" time="0.053"/>
  <testcase classname="Selenium_Kaustubh.ReadDataFrom_Excel" name="readDataFromExcelMultipleSheets" time="1.446"/>
</testsuite> <!-- Selenium_Kaustubh.ReadDataFrom_Excel -->
