<?xml version="1.0" encoding="UTF-8"?>
<!-- Generated by org.testng.reporters.JUnitReportReporter -->
<testsuite hostname="PF506KMY" failures="0" tests="3" name="Selenium_Kaustubh.SampleTest01" time="1.243" errors="0" timestamp="2026-02-01T21:18:40 IST" skipped="0">
  <testcase classname="Selenium_Kaustubh.SampleTest01" name="checkTitle" time="0.471"/>
  <testcase classname="Selenium_Kaustubh.SampleTest01" name="takeScreenshot" time="0.311"/>
  <testcase classname="Selenium_Kaustubh.SampleTest01" name="scrollusingJSExecutor" time="0.461"/>
</testsuite> <!-- Selenium_Kaustubh.SampleTest01 -->
